<?xml version="1.0" encoding="UTF-8"?>
<!-- Generated by org.testng.reporters.JUnitReportReporter -->
<testsuite skipped="0" hostname="DESKTOP-87CA92U" name="com.saucelab.Sort.TC01_Sort" tests="4" failures="0" timestamp="10 Apr 2021 05:07:06 GMT" time="14.059" errors="0">
  <testcase name="TC02_SortAZ" time="3.283" classname="com.saucelab.Sort.TC01_Sort"/>
  <testcase name="TC04_SortPriceHighToLow" time="3.323" classname="com.saucelab.Sort.TC01_Sort"/>
  <testcase name="TC03_SortPriceLowToHigh" time="3.342" classname="com.saucelab.Sort.TC01_Sort"/>
  <testcase name="TC01_SortZA" time="4.111" classname="com.saucelab.Sort.TC01_Sort"/>
</testsuite> <!-- com.saucelab.Sort.TC01_Sort -->
